Error: Cannot find module 'express'
Require stack:
- /home/user/webapp/demo-server.js
    at Module._resolveFilename (node:internal/modules/cjs/loader:1212:15)
    at Hook._require.Module.require (/usr/lib/node_modules/pm2/node_modules/require-in-the-middle/index.js:81:25)
    at require (node:internal/modules/helpers:182:18)
    at Object.<anonymous> (/home/user/webapp/demo-server.js:1:17)
    at Module._compile (node:internal/modules/cjs/loader:1529:14)
    at Module._extensions..js (node:internal/modules/cjs/loader:1613:10)
    at Module.load (node:internal/modules/cjs/loader:1275:32)
    at Module._load (node:internal/modules/cjs/loader:1096:12)
    at Object.<anonymous> (/usr/lib/node_modules/pm2/lib/ProcessContainerFork.js:33:23)
    at Module._compile (node:internal/modules/cjs/loader:1529:14) {
  code: 'MODULE_NOT_FOUND',
  requireStack: [ '/home/user/webapp/demo-server.js' ]
}
Error: Cannot find module 'express'
Require stack:
- /home/user/webapp/demo-server.js
    at Module._resolveFilename (node:internal/modules/cjs/loader:1212:15)
    at Hook._require.Module.require (/usr/lib/node_modules/pm2/node_modules/require-in-the-middle/index.js:81:25)
    at require (node:internal/modules/helpers:182:18)
    at Object.<anonymous> (/home/user/webapp/demo-server.js:1:17)
    at Module._compile (node:internal/modules/cjs/loader:1529:14)
    at Module._extensions..js (node:internal/modules/cjs/loader:1613:10)
    at Module.load (node:internal/modules/cjs/loader:1275:32)
    at Module._load (node:internal/modules/cjs/loader:1096:12)
    at Object.<anonymous> (/usr/lib/node_modules/pm2/lib/ProcessContainerFork.js:33:23)
    at Module._compile (node:internal/modules/cjs/loader:1529:14) {
  code: 'MODULE_NOT_FOUND',
  requireStack: [ '/home/user/webapp/demo-server.js' ]
}
Error: Cannot find module 'express'
Require stack:
- /home/user/webapp/demo-server.js
    at Module._resolveFilename (node:internal/modules/cjs/loader:1212:15)
    at Hook._require.Module.require (/usr/lib/node_modules/pm2/node_modules/require-in-the-middle/index.js:81:25)
    at require (node:internal/modules/helpers:182:18)
    at Object.<anonymous> (/home/user/webapp/demo-server.js:1:17)
    at Module._compile (node:internal/modules/cjs/loader:1529:14)
    at Module._extensions..js (node:internal/modules/cjs/loader:1613:10)
    at Module.load (node:internal/modules/cjs/loader:1275:32)
    at Module._load (node:internal/modules/cjs/loader:1096:12)
    at Object.<anonymous> (/usr/lib/node_modules/pm2/lib/ProcessContainerFork.js:33:23)
    at Module._compile (node:internal/modules/cjs/loader:1529:14) {
  code: 'MODULE_NOT_FOUND',
  requireStack: [ '/home/user/webapp/demo-server.js' ]
}
Error: Cannot find module 'express'
Require stack:
- /home/user/webapp/demo-server.js
    at Module._resolveFilename (node:internal/modules/cjs/loader:1212:15)
    at Hook._require.Module.require (/usr/lib/node_modules/pm2/node_modules/require-in-the-middle/index.js:81:25)
    at require (node:internal/modules/helpers:182:18)
    at Object.<anonymous> (/home/user/webapp/demo-server.js:1:17)
    at Module._compile (node:internal/modules/cjs/loader:1529:14)
    at Module._extensions..js (node:internal/modules/cjs/loader:1613:10)
    at Module.load (node:internal/modules/cjs/loader:1275:32)
    at Module._load (node:internal/modules/cjs/loader:1096:12)
    at Object.<anonymous> (/usr/lib/node_modules/pm2/lib/ProcessContainerFork.js:33:23)
    at Module._compile (node:internal/modules/cjs/loader:1529:14) {
  code: 'MODULE_NOT_FOUND',
  requireStack: [ '/home/user/webapp/demo-server.js' ]
}
Error: Cannot find module 'express'
Require stack:
- /home/user/webapp/demo-server.js
    at Module._resolveFilename (node:internal/modules/cjs/loader:1212:15)
    at Hook._require.Module.require (/usr/lib/node_modules/pm2/node_modules/require-in-the-middle/index.js:81:25)
    at require (node:internal/modules/helpers:182:18)
    at Object.<anonymous> (/home/user/webapp/demo-server.js:1:17)
    at Module._compile (node:internal/modules/cjs/loader:1529:14)
    at Module._extensions..js (node:internal/modules/cjs/loader:1613:10)
    at Module.load (node:internal/modules/cjs/loader:1275:32)
    at Module._load (node:internal/modules/cjs/loader:1096:12)
    at Object.<anonymous> (/usr/lib/node_modules/pm2/lib/ProcessContainerFork.js:33:23)
    at Module._compile (node:internal/modules/cjs/loader:1529:14) {
  code: 'MODULE_NOT_FOUND',
  requireStack: [ '/home/user/webapp/demo-server.js' ]
}
Error: Cannot find module 'express'
Require stack:
- /home/user/webapp/demo-server.js
    at Module._resolveFilename (node:internal/modules/cjs/loader:1212:15)
    at Hook._require.Module.require (/usr/lib/node_modules/pm2/node_modules/require-in-the-middle/index.js:81:25)
    at require (node:internal/modules/helpers:182:18)
    at Object.<anonymous> (/home/user/webapp/demo-server.js:1:17)
    at Module._compile (node:internal/modules/cjs/loader:1529:14)
    at Module._extensions..js (node:internal/modules/cjs/loader:1613:10)
    at Module.load (node:internal/modules/cjs/loader:1275:32)
    at Module._load (node:internal/modules/cjs/loader:1096:12)
    at Object.<anonymous> (/usr/lib/node_modules/pm2/lib/ProcessContainerFork.js:33:23)
    at Module._compile (node:internal/modules/cjs/loader:1529:14) {
  code: 'MODULE_NOT_FOUND',
  requireStack: [ '/home/user/webapp/demo-server.js' ]
}
Error: Cannot find module 'express'
Require stack:
- /home/user/webapp/demo-server.js
    at Module._resolveFilename (node:internal/modules/cjs/loader:1212:15)
    at Hook._require.Module.require (/usr/lib/node_modules/pm2/node_modules/require-in-the-middle/index.js:81:25)
    at require (node:internal/modules/helpers:182:18)
    at Object.<anonymous> (/home/user/webapp/demo-server.js:1:17)
    at Module._compile (node:internal/modules/cjs/loader:1529:14)
    at Module._extensions..js (node:internal/modules/cjs/loader:1613:10)
    at Module.load (node:internal/modules/cjs/loader:1275:32)
    at Module._load (node:internal/modules/cjs/loader:1096:12)
    at Object.<anonymous> (/usr/lib/node_modules/pm2/lib/ProcessContainerFork.js:33:23)
    at Module._compile (node:internal/modules/cjs/loader:1529:14) {
  code: 'MODULE_NOT_FOUND',
  requireStack: [ '/home/user/webapp/demo-server.js' ]
}
Error: Cannot find module 'express'
Require stack:
- /home/user/webapp/demo-server.js
    at Module._resolveFilename (node:internal/modules/cjs/loader:1212:15)
    at Hook._require.Module.require (/usr/lib/node_modules/pm2/node_modules/require-in-the-middle/index.js:81:25)
    at require (node:internal/modules/helpers:182:18)
    at Object.<anonymous> (/home/user/webapp/demo-server.js:1:17)
    at Module._compile (node:internal/modules/cjs/loader:1529:14)
    at Module._extensions..js (node:internal/modules/cjs/loader:1613:10)
    at Module.load (node:internal/modules/cjs/loader:1275:32)
    at Module._load (node:internal/modules/cjs/loader:1096:12)
    at Object.<anonymous> (/usr/lib/node_modules/pm2/lib/ProcessContainerFork.js:33:23)
    at Module._compile (node:internal/modules/cjs/loader:1529:14) {
  code: 'MODULE_NOT_FOUND',
  requireStack: [ '/home/user/webapp/demo-server.js' ]
}
Error: Cannot find module 'express'
Require stack:
- /home/user/webapp/demo-server.js
    at Module._resolveFilename (node:internal/modules/cjs/loader:1212:15)
    at Hook._require.Module.require (/usr/lib/node_modules/pm2/node_modules/require-in-the-middle/index.js:81:25)
    at require (node:internal/modules/helpers:182:18)
    at Object.<anonymous> (/home/user/webapp/demo-server.js:1:17)
    at Module._compile (node:internal/modules/cjs/loader:1529:14)
    at Module._extensions..js (node:internal/modules/cjs/loader:1613:10)
    at Module.load (node:internal/modules/cjs/loader:1275:32)
    at Module._load (node:internal/modules/cjs/loader:1096:12)
    at Object.<anonymous> (/usr/lib/node_modules/pm2/lib/ProcessContainerFork.js:33:23)
    at Module._compile (node:internal/modules/cjs/loader:1529:14) {
  code: 'MODULE_NOT_FOUND',
  requireStack: [ '/home/user/webapp/demo-server.js' ]
}
Error: Cannot find module 'express'
Require stack:
- /home/user/webapp/demo-server.js
    at Module._resolveFilename (node:internal/modules/cjs/loader:1212:15)
    at Hook._require.Module.require (/usr/lib/node_modules/pm2/node_modules/require-in-the-middle/index.js:81:25)
    at require (node:internal/modules/helpers:182:18)
    at Object.<anonymous> (/home/user/webapp/demo-server.js:1:17)
    at Module._compile (node:internal/modules/cjs/loader:1529:14)
    at Module._extensions..js (node:internal/modules/cjs/loader:1613:10)
    at Module.load (node:internal/modules/cjs/loader:1275:32)
    at Module._load (node:internal/modules/cjs/loader:1096:12)
    at Object.<anonymous> (/usr/lib/node_modules/pm2/lib/ProcessContainerFork.js:33:23)
    at Module._compile (node:internal/modules/cjs/loader:1529:14) {
  code: 'MODULE_NOT_FOUND',
  requireStack: [ '/home/user/webapp/demo-server.js' ]
}
Error: Cannot find module 'express'
Require stack:
- /home/user/webapp/demo-server.js
    at Module._resolveFilename (node:internal/modules/cjs/loader:1212:15)
    at Hook._require.Module.require (/usr/lib/node_modules/pm2/node_modules/require-in-the-middle/index.js:81:25)
    at require (node:internal/modules/helpers:182:18)
    at Object.<anonymous> (/home/user/webapp/demo-server.js:1:17)
    at Module._compile (node:internal/modules/cjs/loader:1529:14)
    at Module._extensions..js (node:internal/modules/cjs/loader:1613:10)
    at Module.load (node:internal/modules/cjs/loader:1275:32)
    at Module._load (node:internal/modules/cjs/loader:1096:12)
    at Object.<anonymous> (/usr/lib/node_modules/pm2/lib/ProcessContainerFork.js:33:23)
    at Module._compile (node:internal/modules/cjs/loader:1529:14) {
  code: 'MODULE_NOT_FOUND',
  requireStack: [ '/home/user/webapp/demo-server.js' ]
}
Error: Cannot find module 'express'
Require stack:
- /home/user/webapp/demo-server.js
    at Module._resolveFilename (node:internal/modules/cjs/loader:1212:15)
    at Hook._require.Module.require (/usr/lib/node_modules/pm2/node_modules/require-in-the-middle/index.js:81:25)
    at require (node:internal/modules/helpers:182:18)
    at Object.<anonymous> (/home/user/webapp/demo-server.js:1:17)
    at Module._compile (node:internal/modules/cjs/loader:1529:14)
    at Module._extensions..js (node:internal/modules/cjs/loader:1613:10)
    at Module.load (node:internal/modules/cjs/loader:1275:32)
    at Module._load (node:internal/modules/cjs/loader:1096:12)
    at Object.<anonymous> (/usr/lib/node_modules/pm2/lib/ProcessContainerFork.js:33:23)
    at Module._compile (node:internal/modules/cjs/loader:1529:14) {
  code: 'MODULE_NOT_FOUND',
  requireStack: [ '/home/user/webapp/demo-server.js' ]
}
Error: Cannot find module 'express'
Require stack:
- /home/user/webapp/demo-server.js
    at Module._resolveFilename (node:internal/modules/cjs/loader:1212:15)
    at Hook._require.Module.require (/usr/lib/node_modules/pm2/node_modules/require-in-the-middle/index.js:81:25)
    at require (node:internal/modules/helpers:182:18)
    at Object.<anonymous> (/home/user/webapp/demo-server.js:1:17)
    at Module._compile (node:internal/modules/cjs/loader:1529:14)
    at Module._extensions..js (node:internal/modules/cjs/loader:1613:10)
    at Module.load (node:internal/modules/cjs/loader:1275:32)
    at Module._load (node:internal/modules/cjs/loader:1096:12)
    at Object.<anonymous> (/usr/lib/node_modules/pm2/lib/ProcessContainerFork.js:33:23)
    at Module._compile (node:internal/modules/cjs/loader:1529:14) {
  code: 'MODULE_NOT_FOUND',
  requireStack: [ '/home/user/webapp/demo-server.js' ]
}
Error: Cannot find module 'express'
Require stack:
- /home/user/webapp/demo-server.js
    at Module._resolveFilename (node:internal/modules/cjs/loader:1212:15)
    at Hook._require.Module.require (/usr/lib/node_modules/pm2/node_modules/require-in-the-middle/index.js:81:25)
    at require (node:internal/modules/helpers:182:18)
    at Object.<anonymous> (/home/user/webapp/demo-server.js:1:17)
    at Module._compile (node:internal/modules/cjs/loader:1529:14)
    at Module._extensions..js (node:internal/modules/cjs/loader:1613:10)
    at Module.load (node:internal/modules/cjs/loader:1275:32)
    at Module._load (node:internal/modules/cjs/loader:1096:12)
    at Object.<anonymous> (/usr/lib/node_modules/pm2/lib/ProcessContainerFork.js:33:23)
    at Module._compile (node:internal/modules/cjs/loader:1529:14) {
  code: 'MODULE_NOT_FOUND',
  requireStack: [ '/home/user/webapp/demo-server.js' ]
}
Error: Cannot find module 'express'
Require stack:
- /home/user/webapp/demo-server.js
    at Module._resolveFilename (node:internal/modules/cjs/loader:1212:15)
    at Hook._require.Module.require (/usr/lib/node_modules/pm2/node_modules/require-in-the-middle/index.js:81:25)
    at require (node:internal/modules/helpers:182:18)
    at Object.<anonymous> (/home/user/webapp/demo-server.js:1:17)
    at Module._compile (node:internal/modules/cjs/loader:1529:14)
    at Module._extensions..js (node:internal/modules/cjs/loader:1613:10)
    at Module.load (node:internal/modules/cjs/loader:1275:32)
    at Module._load (node:internal/modules/cjs/loader:1096:12)
    at Object.<anonymous> (/usr/lib/node_modules/pm2/lib/ProcessContainerFork.js:33:23)
    at Module._compile (node:internal/modules/cjs/loader:1529:14) {
  code: 'MODULE_NOT_FOUND',
  requireStack: [ '/home/user/webapp/demo-server.js' ]
}
Error: Cannot find module 'express'
Require stack:
- /home/user/webapp/demo-server.js
    at Module._resolveFilename (node:internal/modules/cjs/loader:1212:15)
    at Hook._require.Module.require (/usr/lib/node_modules/pm2/node_modules/require-in-the-middle/index.js:81:25)
    at require (node:internal/modules/helpers:182:18)
    at Object.<anonymous> (/home/user/webapp/demo-server.js:1:17)
    at Module._compile (node:internal/modules/cjs/loader:1529:14)
    at Module._extensions..js (node:internal/modules/cjs/loader:1613:10)
    at Module.load (node:internal/modules/cjs/loader:1275:32)
    at Module._load (node:internal/modules/cjs/loader:1096:12)
    at Object.<anonymous> (/usr/lib/node_modules/pm2/lib/ProcessContainerFork.js:33:23)
    at Module._compile (node:internal/modules/cjs/loader:1529:14) {
  code: 'MODULE_NOT_FOUND',
  requireStack: [ '/home/user/webapp/demo-server.js' ]
}
🚀 MiniDeutsch Demo Server running on port 8080
📱 Story Modules Demo: http://localhost:8080
🔗 API Endpoint: http://localhost:8080/api/story-modules
🚀 MiniDeutsch Demo Server running on port 8080
📱 Story Modules Demo: http://localhost:8080
🔗 API Endpoint: http://localhost:8080/api/story-modules
🚀 MiniDeutsch Demo Server running on port 8080
📱 Story Modules Demo: http://localhost:8080
🔗 API Endpoint: http://localhost:8080/api/story-modules
🚀 MiniDeutsch Demo Server running on port 8080
📱 Story Modules Demo: http://localhost:8080
🔗 API Endpoint: http://localhost:8080/api/story-modules
🚀 MiniDeutsch Demo Server running on port 8080
📱 Story Modules Demo: http://localhost:8080
🔗 API Endpoint: http://localhost:8080/api/story-modules
