Starting project at /home/user/webapp
Starting Metro Bundler
Waiting on http://localhost:3000
Logs for your project will appear below.
Web ./index.js ░░░░░░░░░░░░░░░░  0.0% (0/1)
Web ./index.js ▓▓░░░░░░░░░░░░░░ 17.6% ( 77/209)
Web ./index.js ▓▓▓▓░░░░░░░░░░░░ 28.0% (168/332)
Web ./index.js ▓▓▓▓▓▓░░░░░░░░░░ 38.4% (285/460)
Web ./index.js ▓▓▓▓▓▓▓▓▓░░░░░░░ 62.5% (409/530)
Web ./index.js ▓▓▓▓▓▓▓▓▓▓▓▓░░░░ 79.9% (564/631)
Web Bundled 19842ms index.js (632 modules)
Web ./index.js ░░░░░░░░░░░░░░░░  0.0% (0/1)
Web Bundled 74ms index.js (1 module)
Web ./index.js ░░░░░░░░░░░░░░░░  0.0% (0/1)
Web Bundled 176ms index.js (1 module)
Starting project at /home/user/webapp
Starting Metro Bundler
Waiting on http://localhost:3000
Logs for your project will appear below.
Web ./index.js ░░░░░░░░░░░░░░░░  0.0% (0/1)
Web ./index.js ▓▓▓▓▓▓▓▓▓▓▓▓░░░░ 76.8% (488/557)
Web Bundled 3802ms index.js (616 modules)
Web ./index.js ░░░░░░░░░░░░░░░░  0.0% (0/1)
Web Bundled 53ms index.js (1 module)
Starting project at /home/user/webapp
Starting Metro Bundler
Waiting on http://localhost:3000
Logs for your project will appear below.
Web ./index.js ░░░░░░░░░░░░░░░░  0.0% (0/1)
Web Bundled 2460ms index.js (622 modules)
Web ./index.js ░░░░░░░░░░░░░░░░  0.0% (0/1)
Web Bundled 49ms index.js (1 module)
Starting project at /home/user/webapp
Starting Metro Bundler
Waiting on http://localhost:3000
Logs for your project will appear below.
Web ./index.js ░░░░░░░░░░░░░░░░  0.0% (0/1)
Web ./index.js ▓▓▓▓▓▓▓▓▓▓▓▓▓▓▓░ 95.1% (594/609)
Web Bundled 3722ms index.js (637 modules)
Web ./index.js ░░░░░░░░░░░░░░░░  0.0% (0/1)
Web Bundled 49ms index.js (1 module)
Web ./index.js ░░░░░░░░░░░░░░░░  0.0% (0/1)
Web Bundled 816ms index.js (1 module)
Web ./index.js ░░░░░░░░░░░░░░░░  0.0% (0/1)
Web Bundled 53ms index.js (1 module)
Web ./index.js ░░░░░░░░░░░░░░░░  0.0% (0/1)
Web Bundled 53ms index.js (1 module)
Web ./index.js ░░░░░░░░░░░░░░░░  0.0% (0/1)
Web Bundled 1419ms index.js (1 module)
